[     753ms] [WARNING] Error with Permissions-Policy header: Unrecognized feature: 'pointer-lock'. @ :0
[    1689ms] [WARNING] react-i18next:: useTranslation: You will need to pass in an i18next instance by using initReactI18next {code: NO_I18NEXT_INSTANCE} @ https://cdn.grok.com/_next/static/chunks/98e6e757f4d81715.js:2
[    2121ms] [ERROR] Connecting to 'https://wa.onelink.me/v1/onelink' violates the following Content Security Policy directive: "connect-src 'self' data: https://cdn.grok.com https://*.x.ai wss://*.x.ai https://*.twimg.com https://*.grok.com wss://*.grok.com https://*.grok-sandbox.com wss://*.grok-sandbox.com ws://localhost:* ws://127.0.0.1:* https://assets.grok.com https://assets.grokusercontent.com wss://code.grok.com/ws/code-client https://*.js.stripe.com https://*.stripe.com https://featureassets.org https://*.googleapis.com https://*.google.com https://*.withgoogle.com https://*.gstatic.com https://*.googletagmanager.com https://*.google-analytics.com https://*.microsoftonline.com https://*.live.com https://*.microsoft.com https://*.onedrive.com https://*.mixpanel.com https://*.twitter.com https://*.x.com https://static.ads-twitter.com https://ads-api.twitter.com https://analytics.twitter.com https://t.co https://websdk.appsflyersdk.com https://*.appsflyer.com https://*.paypal.com https://*.braintreegateway.com https://*.braintree-api.com". The action has been blocked. @ https://cdn.grok.com/_next/static/chunks/98e6e757f4d81715.js:2
[    4170ms] [ERROR] Failed to load resource: the server responded with a status of 401 () @ https://grok.com/rest/suggestions/profile:0
[    4411ms] [ERROR] Failed to load resource: the server responded with a status of 401 () @ https://grok.com/rest/products?provider=SUBSCRIPTION_PROVIDER_STRIPE:0
[    4604ms] [ERROR] Failed to load resource: the server responded with a status of 401 () @ https://grok.com/rest/app-chat/conversations:0
[    6126ms] [ERROR] Connecting to 'https://wa.appsflyersdk.com/events?site-id=1b107326-7bc4-4589-8e80-321c180de093' violates the following Content Security Policy directive: "connect-src 'self' data: https://cdn.grok.com https://*.x.ai wss://*.x.ai https://*.twimg.com https://*.grok.com wss://*.grok.com https://*.grok-sandbox.com wss://*.grok-sandbox.com ws://localhost:* ws://127.0.0.1:* https://assets.grok.com https://assets.grokusercontent.com wss://code.grok.com/ws/code-client https://*.js.stripe.com https://*.stripe.com https://featureassets.org https://*.googleapis.com https://*.google.com https://*.withgoogle.com https://*.gstatic.com https://*.googletagmanager.com https://*.google-analytics.com https://*.microsoftonline.com https://*.live.com https://*.microsoft.com https://*.onedrive.com https://*.mixpanel.com https://*.twitter.com https://*.x.com https://static.ads-twitter.com https://ads-api.twitter.com https://analytics.twitter.com https://t.co https://websdk.appsflyersdk.com https://*.appsflyer.com https://*.paypal.com https://*.braintreegateway.com https://*.braintree-api.com". The action has been blocked. @ https://cdn.grok.com/_next/static/chunks/98e6e757f4d81715.js:2
[   57550ms] [ERROR] Failed to load resource: the server responded with a status of 400 () @ https://grok.com/rest/app-chat/conversations/89850e16-6e78-4abc-b9fb-868f1e2ac7d3/responses:0
[   80595ms] [ERROR] Failed to load resource: the server responded with a status of 403 () @ https://grok.com/rest/app-chat/conversations/89850e16-6e78-4abc-b9fb-868f1e2ac7d3/responses:0
[   98070ms] [WARNING] Error with Permissions-Policy header: Unrecognized feature: 'pointer-lock'. @ :0
[   99354ms] [WARNING] react-i18next:: useTranslation: You will need to pass in an i18next instance by using initReactI18next {code: NO_I18NEXT_INSTANCE} @ https://cdn.grok.com/_next/static/chunks/98e6e757f4d81715.js:2
[   99924ms] [ERROR] Failed to load resource: the server responded with a status of 401 () @ https://grok.com/rest/suggestions/profile:0
[  100101ms] [ERROR] Connecting to 'https://wa.onelink.me/v1/onelink' violates the following Content Security Policy directive: "connect-src 'self' data: https://cdn.grok.com https://*.x.ai wss://*.x.ai https://*.twimg.com https://*.grok.com wss://*.grok.com https://*.grok-sandbox.com wss://*.grok-sandbox.com ws://localhost:* ws://127.0.0.1:* https://assets.grok.com https://assets.grokusercontent.com wss://code.grok.com/ws/code-client https://*.js.stripe.com https://*.stripe.com https://featureassets.org https://*.googleapis.com https://*.google.com https://*.withgoogle.com https://*.gstatic.com https://*.googletagmanager.com https://*.google-analytics.com https://*.microsoftonline.com https://*.live.com https://*.microsoft.com https://*.onedrive.com https://*.mixpanel.com https://*.twitter.com https://*.x.com https://static.ads-twitter.com https://ads-api.twitter.com https://analytics.twitter.com https://t.co https://websdk.appsflyersdk.com https://*.appsflyer.com https://*.paypal.com https://*.braintreegateway.com https://*.braintree-api.com". The action has been blocked. @ https://cdn.grok.com/_next/static/chunks/98e6e757f4d81715.js:2
[  104113ms] [ERROR] Connecting to 'https://wa.appsflyersdk.com/events?site-id=1b107326-7bc4-4589-8e80-321c180de093' violates the following Content Security Policy directive: "connect-src 'self' data: https://cdn.grok.com https://*.x.ai wss://*.x.ai https://*.twimg.com https://*.grok.com wss://*.grok.com https://*.grok-sandbox.com wss://*.grok-sandbox.com ws://localhost:* ws://127.0.0.1:* https://assets.grok.com https://assets.grokusercontent.com wss://code.grok.com/ws/code-client https://*.js.stripe.com https://*.stripe.com https://featureassets.org https://*.googleapis.com https://*.google.com https://*.withgoogle.com https://*.gstatic.com https://*.googletagmanager.com https://*.google-analytics.com https://*.microsoftonline.com https://*.live.com https://*.microsoft.com https://*.onedrive.com https://*.mixpanel.com https://*.twitter.com https://*.x.com https://static.ads-twitter.com https://ads-api.twitter.com https://analytics.twitter.com https://t.co https://websdk.appsflyersdk.com https://*.appsflyer.com https://*.paypal.com https://*.braintreegateway.com https://*.braintree-api.com". The action has been blocked. @ https://cdn.grok.com/_next/static/chunks/98e6e757f4d81715.js:2
[  216985ms] [WARNING] Error with Permissions-Policy header: Unrecognized feature: 'pointer-lock'. @ :0
[  217559ms] [WARNING] react-i18next:: useTranslation: You will need to pass in an i18next instance by using initReactI18next {code: NO_I18NEXT_INSTANCE} @ https://cdn.grok.com/_next/static/chunks/98e6e757f4d81715.js:2
[  218171ms] [ERROR] Failed to load resource: the server responded with a status of 401 () @ https://grok.com/rest/suggestions/profile:0
[  218456ms] [ERROR] Connecting to 'https://wa.onelink.me/v1/onelink' violates the following Content Security Policy directive: "connect-src 'self' data: https://cdn.grok.com https://*.x.ai wss://*.x.ai https://*.twimg.com https://*.grok.com wss://*.grok.com https://*.grok-sandbox.com wss://*.grok-sandbox.com ws://localhost:* ws://127.0.0.1:* https://assets.grok.com https://assets.grokusercontent.com wss://code.grok.com/ws/code-client https://*.js.stripe.com https://*.stripe.com https://featureassets.org https://*.googleapis.com https://*.google.com https://*.withgoogle.com https://*.gstatic.com https://*.googletagmanager.com https://*.google-analytics.com https://*.microsoftonline.com https://*.live.com https://*.microsoft.com https://*.onedrive.com https://*.mixpanel.com https://*.twitter.com https://*.x.com https://static.ads-twitter.com https://ads-api.twitter.com https://analytics.twitter.com https://t.co https://websdk.appsflyersdk.com https://*.appsflyer.com https://*.paypal.com https://*.braintreegateway.com https://*.braintree-api.com". The action has been blocked. @ https://cdn.grok.com/_next/static/chunks/98e6e757f4d81715.js:2
[  222462ms] [ERROR] Connecting to 'https://wa.appsflyersdk.com/events?site-id=1b107326-7bc4-4589-8e80-321c180de093' violates the following Content Security Policy directive: "connect-src 'self' data: https://cdn.grok.com https://*.x.ai wss://*.x.ai https://*.twimg.com https://*.grok.com wss://*.grok.com https://*.grok-sandbox.com wss://*.grok-sandbox.com ws://localhost:* ws://127.0.0.1:* https://assets.grok.com https://assets.grokusercontent.com wss://code.grok.com/ws/code-client https://*.js.stripe.com https://*.stripe.com https://featureassets.org https://*.googleapis.com https://*.google.com https://*.withgoogle.com https://*.gstatic.com https://*.googletagmanager.com https://*.google-analytics.com https://*.microsoftonline.com https://*.live.com https://*.microsoft.com https://*.onedrive.com https://*.mixpanel.com https://*.twitter.com https://*.x.com https://static.ads-twitter.com https://ads-api.twitter.com https://analytics.twitter.com https://t.co https://websdk.appsflyersdk.com https://*.appsflyer.com https://*.paypal.com https://*.braintreegateway.com https://*.braintree-api.com". The action has been blocked. @ https://cdn.grok.com/_next/static/chunks/98e6e757f4d81715.js:2
[  247415ms] [WARNING] Error with Permissions-Policy header: Unrecognized feature: 'pointer-lock'. @ :0
[  247952ms] [WARNING] react-i18next:: useTranslation: You will need to pass in an i18next instance by using initReactI18next {code: NO_I18NEXT_INSTANCE} @ https://cdn.grok.com/_next/static/chunks/98e6e757f4d81715.js:2
[  248558ms] [ERROR] Failed to load resource: the server responded with a status of 401 () @ https://grok.com/rest/suggestions/profile:0
[  248720ms] [ERROR] Connecting to 'https://wa.onelink.me/v1/onelink' violates the following Content Security Policy directive: "connect-src 'self' data: https://cdn.grok.com https://*.x.ai wss://*.x.ai https://*.twimg.com https://*.grok.com wss://*.grok.com https://*.grok-sandbox.com wss://*.grok-sandbox.com ws://localhost:* ws://127.0.0.1:* https://assets.grok.com https://assets.grokusercontent.com wss://code.grok.com/ws/code-client https://*.js.stripe.com https://*.stripe.com https://featureassets.org https://*.googleapis.com https://*.google.com https://*.withgoogle.com https://*.gstatic.com https://*.googletagmanager.com https://*.google-analytics.com https://*.microsoftonline.com https://*.live.com https://*.microsoft.com https://*.onedrive.com https://*.mixpanel.com https://*.twitter.com https://*.x.com https://static.ads-twitter.com https://ads-api.twitter.com https://analytics.twitter.com https://t.co https://websdk.appsflyersdk.com https://*.appsflyer.com https://*.paypal.com https://*.braintreegateway.com https://*.braintree-api.com". The action has been blocked. @ https://cdn.grok.com/_next/static/chunks/98e6e757f4d81715.js:2
[  252737ms] [ERROR] Connecting to 'https://wa.appsflyersdk.com/events?site-id=1b107326-7bc4-4589-8e80-321c180de093' violates the following Content Security Policy directive: "connect-src 'self' data: https://cdn.grok.com https://*.x.ai wss://*.x.ai https://*.twimg.com https://*.grok.com wss://*.grok.com https://*.grok-sandbox.com wss://*.grok-sandbox.com ws://localhost:* ws://127.0.0.1:* https://assets.grok.com https://assets.grokusercontent.com wss://code.grok.com/ws/code-client https://*.js.stripe.com https://*.stripe.com https://featureassets.org https://*.googleapis.com https://*.google.com https://*.withgoogle.com https://*.gstatic.com https://*.googletagmanager.com https://*.google-analytics.com https://*.microsoftonline.com https://*.live.com https://*.microsoft.com https://*.onedrive.com https://*.mixpanel.com https://*.twitter.com https://*.x.com https://static.ads-twitter.com https://ads-api.twitter.com https://analytics.twitter.com https://t.co https://websdk.appsflyersdk.com https://*.appsflyer.com https://*.paypal.com https://*.braintreegateway.com https://*.braintree-api.com". The action has been blocked. @ https://cdn.grok.com/_next/static/chunks/98e6e757f4d81715.js:2
[  470379ms] [WARNING] Error with Permissions-Policy header: Unrecognized feature: 'pointer-lock'. @ :0
[  470922ms] [WARNING] react-i18next:: useTranslation: You will need to pass in an i18next instance by using initReactI18next {code: NO_I18NEXT_INSTANCE} @ https://cdn.grok.com/_next/static/chunks/98e6e757f4d81715.js:2
[  471490ms] [ERROR] Failed to load resource: the server responded with a status of 401 () @ https://grok.com/rest/suggestions/profile:0
[  471854ms] [ERROR] Connecting to 'https://wa.onelink.me/v1/onelink' violates the following Content Security Policy directive: "connect-src 'self' data: https://cdn.grok.com https://*.x.ai wss://*.x.ai https://*.twimg.com https://*.grok.com wss://*.grok.com https://*.grok-sandbox.com wss://*.grok-sandbox.com ws://localhost:* ws://127.0.0.1:* https://assets.grok.com https://assets.grokusercontent.com wss://code.grok.com/ws/code-client https://*.js.stripe.com https://*.stripe.com https://featureassets.org https://*.googleapis.com https://*.google.com https://*.withgoogle.com https://*.gstatic.com https://*.googletagmanager.com https://*.google-analytics.com https://*.microsoftonline.com https://*.live.com https://*.microsoft.com https://*.onedrive.com https://*.mixpanel.com https://*.twitter.com https://*.x.com https://static.ads-twitter.com https://ads-api.twitter.com https://analytics.twitter.com https://t.co https://websdk.appsflyersdk.com https://*.appsflyer.com https://*.paypal.com https://*.braintreegateway.com https://*.braintree-api.com". The action has been blocked. @ https://cdn.grok.com/_next/static/chunks/98e6e757f4d81715.js:2
[  475869ms] [ERROR] Connecting to 'https://wa.appsflyersdk.com/events?site-id=1b107326-7bc4-4589-8e80-321c180de093' violates the following Content Security Policy directive: "connect-src 'self' data: https://cdn.grok.com https://*.x.ai wss://*.x.ai https://*.twimg.com https://*.grok.com wss://*.grok.com https://*.grok-sandbox.com wss://*.grok-sandbox.com ws://localhost:* ws://127.0.0.1:* https://assets.grok.com https://assets.grokusercontent.com wss://code.grok.com/ws/code-client https://*.js.stripe.com https://*.stripe.com https://featureassets.org https://*.googleapis.com https://*.google.com https://*.withgoogle.com https://*.gstatic.com https://*.googletagmanager.com https://*.google-analytics.com https://*.microsoftonline.com https://*.live.com https://*.microsoft.com https://*.onedrive.com https://*.mixpanel.com https://*.twitter.com https://*.x.com https://static.ads-twitter.com https://ads-api.twitter.com https://analytics.twitter.com https://t.co https://websdk.appsflyersdk.com https://*.appsflyer.com https://*.paypal.com https://*.braintreegateway.com https://*.braintree-api.com". The action has been blocked. @ https://cdn.grok.com/_next/static/chunks/98e6e757f4d81715.js:2
[  502673ms] [WARNING] Error with Permissions-Policy header: Unrecognized feature: 'pointer-lock'. @ :0
[  503214ms] [WARNING] react-i18next:: useTranslation: You will need to pass in an i18next instance by using initReactI18next {code: NO_I18NEXT_INSTANCE} @ https://cdn.grok.com/_next/static/chunks/98e6e757f4d81715.js:2
[  503884ms] [ERROR] Failed to load resource: the server responded with a status of 401 () @ https://grok.com/rest/suggestions/profile:0
[  504072ms] [ERROR] Connecting to 'https://wa.onelink.me/v1/onelink' violates the following Content Security Policy directive: "connect-src 'self' data: https://cdn.grok.com https://*.x.ai wss://*.x.ai https://*.twimg.com https://*.grok.com wss://*.grok.com https://*.grok-sandbox.com wss://*.grok-sandbox.com ws://localhost:* ws://127.0.0.1:* https://assets.grok.com https://assets.grokusercontent.com wss://code.grok.com/ws/code-client https://*.js.stripe.com https://*.stripe.com https://featureassets.org https://*.googleapis.com https://*.google.com https://*.withgoogle.com https://*.gstatic.com https://*.googletagmanager.com https://*.google-analytics.com https://*.microsoftonline.com https://*.live.com https://*.microsoft.com https://*.onedrive.com https://*.mixpanel.com https://*.twitter.com https://*.x.com https://static.ads-twitter.com https://ads-api.twitter.com https://analytics.twitter.com https://t.co https://websdk.appsflyersdk.com https://*.appsflyer.com https://*.paypal.com https://*.braintreegateway.com https://*.braintree-api.com". The action has been blocked. @ https://cdn.grok.com/_next/static/chunks/98e6e757f4d81715.js:2
[  508088ms] [ERROR] Connecting to 'https://wa.appsflyersdk.com/events?site-id=1b107326-7bc4-4589-8e80-321c180de093' violates the following Content Security Policy directive: "connect-src 'self' data: https://cdn.grok.com https://*.x.ai wss://*.x.ai https://*.twimg.com https://*.grok.com wss://*.grok.com https://*.grok-sandbox.com wss://*.grok-sandbox.com ws://localhost:* ws://127.0.0.1:* https://assets.grok.com https://assets.grokusercontent.com wss://code.grok.com/ws/code-client https://*.js.stripe.com https://*.stripe.com https://featureassets.org https://*.googleapis.com https://*.google.com https://*.withgoogle.com https://*.gstatic.com https://*.googletagmanager.com https://*.google-analytics.com https://*.microsoftonline.com https://*.live.com https://*.microsoft.com https://*.onedrive.com https://*.mixpanel.com https://*.twitter.com https://*.x.com https://static.ads-twitter.com https://ads-api.twitter.com https://analytics.twitter.com https://t.co https://websdk.appsflyersdk.com https://*.appsflyer.com https://*.paypal.com https://*.braintreegateway.com https://*.braintree-api.com". The action has been blocked. @ https://cdn.grok.com/_next/static/chunks/98e6e757f4d81715.js:2
[  838841ms] [ERROR] Access to fetch at 'https://accounts.x.ai/check-login?redirect=grok-com' (redirected from 'https://grok.com/sign-in?_rsc=1hcc4') from origin 'https://grok.com' has been blocked by CORS policy: Response to preflight request doesn't pass access control check: No 'Access-Control-Allow-Origin' header is present on the requested resource. @ https://grok.com/chat/71e995d3-24d0-4d27-99fd-c3e54ca1877e:0
[  838841ms] [ERROR] Failed to load resource: net::ERR_FAILED @ https://accounts.x.ai/check-login?redirect=grok-com:0
[  838842ms] [ERROR] Failed to fetch RSC payload for https://grok.com/sign-in. Falling back to browser navigation. TypeError: Failed to fetch (grok.com)
    at https://cdn.grok.com/_next/static/chunks/98e6e757f4d81715.js:3:390243
    at https://cdn.grok.com/_next/static/chunks/98e6e757f4d81715.js:3:183825
    at h (https://cdn.grok.com/_next/static/chunks/50ae8025cae6b9f4.js:3:16133)
    at E (https://cdn.grok.com/_next/static/chunks/50ae8025cae6b9f4.js:3:15003)
    at https://cdn.grok.com/_next/static/chunks/71d70f81fd09f9eb.js:3:23953
    at Object.a [as task] (https://cdn.grok.com/_next/static/chunks/71d70f81fd09f9eb.js:3:21028)
    at c.s (https://cdn.grok.com/_next/static/chunks/71d70f81fd09f9eb.js:3:21733)
    at c.enqueue (https://cdn.grok.com/_next/static/chunks/71d70f81fd09f9eb.js:3:21158)
    at s (https://cdn.grok.com/_next/static/chunks/71d70f81fd09f9eb.js:3:23916)
    at i (https://cdn.grok.com/_next/static/chunks/71d70f81fd09f9eb.js:3:23432)
    at e (https://cdn.grok.com/_next/static/chunks/71d70f81fd09f9eb.js:3:51421)
    at https://cdn.grok.com/_next/static/chunks/71d70f81fd09f9eb.js:3:65062
    at Object.action (https://cdn.grok.com/_next/static/chunks/71d70f81fd09f9eb.js:3:67406)
    at p (https://cdn.grok.com/_next/static/chunks/71d70f81fd09f9eb.js:3:66633)
    at https://cdn.grok.com/_next/static/chunks/71d70f81fd09f9eb.js:3:67074
    at Object.dispatch (https://cdn.grok.com/_next/static/chunks/71d70f81fd09f9eb.js:3:67366)
    at u (https://cdn.grok.com/_next/static/chunks/f9f7fe7a43ad8dc7.js:3:39402)
    at a (https://cdn.grok.com/_next/static/chunks/f9f7fe7a43ad8dc7.js:3:39332)
    at v (https://cdn.grok.com/_next/static/chunks/71d70f81fd09f9eb.js:3:68045)
    at https://cdn.grok.com/_next/static/chunks/7f242dced068268b.js:3:38736
    at Object.startTransition (https://cdn.grok.com/_next/static/chunks/f9f7fe7a43ad8dc7.js:3:8392)
    at https://cdn.grok.com/_next/static/chunks/7f242dced068268b.js:3:38687
    at onClick (https://cdn.grok.com/_next/static/chunks/7f242dced068268b.js:3:38786)
    at l2 (https://cdn.grok.com/_next/static/chunks/98e6e757f4d81715.js:3:550608)
    at https://cdn.grok.com/_next/static/chunks/98e6e757f4d81715.js:3:556694
    at tE (https://cdn.grok.com/_next/static/chunks/98e6e757f4d81715.js:3:434604)
    at l9 (https://cdn.grok.com/_next/static/chunks/98e6e757f4d81715.js:3:551841)
    at cs (https://cdn.grok.com/_next/static/chunks/98e6e757f4d81715.js:3:578841)
    at ci (https://cdn.grok.com/_next/static/chunks/98e6e757f4d81715.js:3:578663)
    at HTMLDocument.n (https://cdn.grok.com/_next/static/chunks/98e6e757f4d81715.js:3:178889) @ https://cdn.grok.com/_next/static/chunks/98e6e757f4d81715.js:2
[  840529ms] [ERROR] Failed to load resource: the server responded with a status of 403 () @ https://accounts.x.ai/?_rsc=7dz3b:0
[  840530ms] [ERROR] Failed to load resource: the server responded with a status of 403 () @ https://accounts.x.ai/sign-up?_rsc=7dz3b:0
[  840775ms] [ERROR] Failed to load resource: the server responded with a status of 403 () @ https://accounts.x.ai/mp/flags?context=%7B%22distinct_id%22%3A%22%24device%3Ab498a531-51f4-4e6d-80d8-c300febcf7d6%22%2C%22device_id%22%3A%22b498a531-51f4-4e6d-80d8-c300febcf7d6%22%7D&token=0b4055a12491884bcb6f34a5aa2718b6&mp_lib=web&%24lib_version=2.75.0:0
[  843278ms] [ERROR] Failed to load resource: the server responded with a status of 403 () @ https://accounts.x.ai/api/rpc:0
[  843316ms] [ERROR] Failed to load resource: the server responded with a status of 403 () @ https://accounts.x.ai/api/log:0
[  843317ms] [ERROR] Client-side log proxy failed:  @ https://accounts.x.ai/_next/static/chunks/541e23301b1f949f.js:0
[  845519ms] [ERROR] Failed to load resource: the server responded with a status of 403 () @ https://accounts.x.ai/mp/track/?verbose=1&ip=1&_=1774122970175:0
